[19:47:09] [Server thread/INFO]: Starting minecraft server version 1.12
[19:47:09] [Server thread/INFO]: Loading properties
[19:47:09] [Server thread/INFO]: Default game type: CREATIVE
[19:47:09] [Server thread/INFO]: Generating keypair
[19:47:10] [Server thread/INFO]: Starting Minecraft server on *:25565
[19:47:10] [Server thread/INFO]: Using default channel type
[19:47:11] [Server thread/INFO]: This server is running CraftBukkit version git-Bukkit-ed8c725 (MC: 1.12) (Implementing API version 1.12-R0.1-SNAPSHOT)
[19:47:11] [Server thread/INFO]: [RaspberryJuice] Loading RaspberryJuice v1.10
[19:47:11] [Server thread/WARN]: **** SERVER IS RUNNING IN OFFLINE/INSECURE MODE!
[19:47:11] [Server thread/WARN]: The server will make no attempt to authenticate usernames. Beware.
[19:47:11] [Server thread/WARN]: While this makes the game possible to play without internet access, it also opens up the ability for hackers to connect with any username they choose.
[19:47:11] [Server thread/WARN]: To change this, set "online-mode" to "true" in the server.properties file.
[19:47:11] [Server thread/INFO]: Preparing level "world"
[19:47:12] [Server thread/INFO]: Preparing start region for level 0 (Seed: -1835046996871696594)
[19:47:13] [Server thread/INFO]: Preparing spawn area: 5%
[19:47:14] [Server thread/INFO]: Preparing spawn area: 10%
[19:47:15] [Server thread/INFO]: Preparing spawn area: 18%
[19:47:16] [Server thread/INFO]: Preparing spawn area: 26%
[19:47:17] [Server thread/INFO]: Preparing spawn area: 36%
[19:47:18] [Server thread/INFO]: Preparing spawn area: 45%
[19:47:19] [Server thread/INFO]: Preparing spawn area: 54%
[19:47:20] [Server thread/INFO]: Preparing spawn area: 65%
[19:47:21] [Server thread/INFO]: Preparing spawn area: 75%
[19:47:22] [Server thread/INFO]: Preparing spawn area: 86%
[19:47:23] [Server thread/INFO]: Preparing spawn area: 98%
[19:47:23] [Server thread/INFO]: Preparing start region for level 1 (Seed: -1835046996871696594)
[19:47:24] [Server thread/INFO]: Preparing spawn area: 8%
[19:47:25] [Server thread/INFO]: Preparing spawn area: 22%
[19:47:26] [Server thread/INFO]: Preparing spawn area: 35%
[19:47:27] [Server thread/INFO]: Preparing spawn area: 46%
[19:47:28] [Server thread/INFO]: Preparing spawn area: 60%
[19:47:29] [Server thread/INFO]: Preparing spawn area: 76%
[19:47:30] [Server thread/INFO]: Preparing spawn area: 91%
[19:47:31] [Server thread/INFO]: Preparing start region for level 2 (Seed: -1835046996871696594)
[19:47:32] [Server thread/INFO]: Preparing spawn area: 41%
[19:47:33] [Server thread/INFO]: Preparing spawn area: 84%
[19:47:33] [Server thread/INFO]: [RaspberryJuice] Enabling RaspberryJuice v1.10
[19:47:33] [Server thread/INFO]: [RaspberryJuice] Using port 4711
[19:47:33] [Server thread/INFO]: [RaspberryJuice] Using ABSOLUTE locations
[19:47:33] [Server thread/INFO]: [RaspberryJuice] Using BOTH clicks for hits
[19:47:33] [Server thread/INFO]: [RaspberryJuice] ThreadListener Started
[19:47:33] [Server thread/INFO]: Server permissions file permissions.yml is empty, ignoring it
[19:47:33] [Server thread/INFO]: Done (22,317s)! For help, type "help" or "?"
[19:47:41] [Server thread/INFO]: [0;33;1m--------- [0;37;1mHelp: Index [0;33;1m---------------------------[m
[19:47:41] [Server thread/INFO]: [0;37;22mUse /help [n] to get page n of help.[m
[19:47:41] [Server thread/INFO]: [0;33;22mAliases: [0;37;1mLists command aliases[m
[19:47:41] [Server thread/INFO]: [0;33;22mBukkit: [0;37;1mAll commands for Bukkit[m
[19:47:41] [Server thread/INFO]: [0;33;22mMinecraft: [0;37;1mAll commands for Minecraft[m
[19:47:41] [Server thread/INFO]: [0;33;22m/advancement: [0;37;1mA Mojang provided command.[m
[19:47:41] [Server thread/INFO]: [0;33;22m/ban: [0;37;1mA Mojang provided command.[m
[19:47:41] [Server thread/INFO]: [0;33;22m/ban-ip: [0;37;1mA Mojang provided command.[m
[19:47:41] [Server thread/INFO]: [0;33;22m/banlist: [0;37;1mA Mojang provided command.[m
[19:47:41] [Server thread/INFO]: [0;33;22m/blockdata: [0;37;1mA Mojang provided command.[m
[19:47:41] [Server thread/INFO]: [0;33;22m/clear: [0;37;1mA Mojang provided command.[m
[19:47:41] [Server thread/INFO]: [0;33;22m/clone: [0;37;1mA Mojang provided command.[m
[19:47:41] [Server thread/INFO]: [0;33;22m/debug: [0;37;1mA Mojang provided command.[m
[19:47:41] [Server thread/INFO]: [0;33;22m/defaultgamemode: [0;37;1mA Mojang provided command.[m
[19:47:41] [Server thread/INFO]: [0;33;22m/deop: [0;37;1mA Mojang provided command.[m
[19:47:41] [Server thread/INFO]: [0;33;22m/difficulty: [0;37;1mA Mojang provided command.[m
[19:47:41] [Server thread/INFO]: [0;33;22m/effect: [0;37;1mA Mojang provided command.[m
[19:47:41] [Server thread/INFO]: [0;33;22m/enchant: [0;37;1mA Mojang provided command.[m
[19:47:41] [Server thread/INFO]: [0;33;22m/entitydata: [0;37;1mA Mojang provided command.[m
[19:47:41] [Server thread/INFO]: [0;33;22m/execute: [0;37;1mA Mojang provided command.[m
[19:47:41] [Server thread/INFO]: [0;33;22m/fill: [0;37;1mA Mojang provided command.[m
[19:47:41] [Server thread/INFO]: [0;33;22m/function: [0;37;1mA Mojang provided command.[m
[19:47:41] [Server thread/INFO]: [0;33;22m/gamemode: [0;37;1mA Mojang provided command.[m
[19:47:41] [Server thread/INFO]: [0;33;22m/gamerule: [0;37;1mA Mojang provided command.[m
[19:47:41] [Server thread/INFO]: [0;33;22m/give: [0;37;1mA Mojang provided command.[m
[19:47:41] [Server thread/INFO]: [0;33;22m/help: [0;37;1mShows the help menu[m
[19:47:41] [Server thread/INFO]: [0;33;22m/kick: [0;37;1mA Mojang provided command.[m
[19:47:41] [Server thread/INFO]: [0;33;22m/kill: [0;37;1mA Mojang provided command.[m
[19:47:41] [Server thread/INFO]: [0;33;22m/list: [0;37;1mA Mojang provided command.[m
[19:47:41] [Server thread/INFO]: [0;33;22m/locate: [0;37;1mA Mojang provided command.[m
[19:47:41] [Server thread/INFO]: [0;33;22m/me: [0;37;1mA Mojang provided command.[m
[19:47:41] [Server thread/INFO]: [0;33;22m/minecraft:help: [0;37;1mA Mojang provided command.[m
[19:47:41] [Server thread/INFO]: [0;33;22m/minecraft:reload: [0;37;1mA Mojang provided command.[m
[19:47:41] [Server thread/INFO]: [0;33;22m/minecraft:tell: [0;37;1mA Mojang provided command.[m
[19:47:41] [Server thread/INFO]: [0;33;22m/op: [0;37;1mA Mojang provided command.[m
[19:47:41] [Server thread/INFO]: [0;33;22m/pardon: [0;37;1mA Mojang provided command.[m
[19:47:41] [Server thread/INFO]: [0;33;22m/pardon-ip: [0;37;1mA Mojang provided command.[m
[19:47:41] [Server thread/INFO]: [0;33;22m/particle: [0;37;1mA Mojang provided command.[m
[19:47:41] [Server thread/INFO]: [0;33;22m/playsound: [0;37;1mA Mojang provided command.[m
[19:47:41] [Server thread/INFO]: [0;33;22m/plugins: [0;37;1mGets a list of plugins running on the server[m
[19:47:41] [Server thread/INFO]: [0;33;22m/recipe: [0;37;1mA Mojang provided command.[m
[19:47:41] [Server thread/INFO]: [0;33;22m/reload: [0;37;1mReloads the server configuration and plugins[m
[19:47:41] [Server thread/INFO]: [0;33;22m/replaceitem: [0;37;1mA Mojang provided command.[m
[19:47:41] [Server thread/INFO]: [0;33;22m/save-all: [0;37;1mA Mojang provided command.[m
[19:47:41] [Server thread/INFO]: [0;33;22m/save-off: [0;37;1mA Mojang provided command.[m
[19:47:41] [Server thread/INFO]: [0;33;22m/save-on: [0;37;1mA Mojang provided command.[m
[19:47:41] [Server thread/INFO]: [0;33;22m/say: [0;37;1mA Mojang provided command.[m
[19:47:41] [Server thread/INFO]: [0;33;22m/scoreboard: [0;37;1mA Mojang provided command.[m
[19:47:41] [Server thread/INFO]: [0;33;22m/seed: [0;37;1mA Mojang provided command.[m
[19:47:41] [Server thread/INFO]: [0;33;22m/setblock: [0;37;1mA Mojang provided command.[m
[19:47:41] [Server thread/INFO]: [0;33;22m/setidletimeout: [0;37;1mA Mojang provided command.[m
[19:47:41] [Server thread/INFO]: [0;33;22m/setworldspawn: [0;37;1mA Mojang provided command.[m
[19:47:41] [Server thread/INFO]: [0;33;22m/spawnpoint: [0;37;1mA Mojang provided command.[m
[19:47:41] [Server thread/INFO]: [0;33;22m/spreadplayers: [0;37;1mA Mojang provided command.[m
[19:47:41] [Server thread/INFO]: [0;33;22m/stats: [0;37;1mA Mojang provided command.[m
[19:47:41] [Server thread/INFO]: [0;33;22m/stop: [0;37;1mA Mojang provided command.[m
[19:47:41] [Server thread/INFO]: [0;33;22m/stopsound: [0;37;1mA Mojang provided command.[m
[19:47:41] [Server thread/INFO]: [0;33;22m/summon: [0;37;1mA Mojang provided command.[m
[19:47:41] [Server thread/INFO]: [0;33;22m/teleport: [0;37;1mA Mojang provided command.[m
[19:47:41] [Server thread/INFO]: [0;33;22m/tell: [0;37;1mA Mojang provided command.[m
[19:47:41] [Server thread/INFO]: [0;33;22m/tellraw: [0;37;1mA Mojang provided command.[m
[19:47:41] [Server thread/INFO]: [0;33;22m/testfor: [0;37;1mA Mojang provided command.[m
[19:47:41] [Server thread/INFO]: [0;33;22m/testforblock: [0;37;1mA Mojang provided command.[m
[19:47:41] [Server thread/INFO]: [0;33;22m/testforblocks: [0;37;1mA Mojang provided command.[m
[19:47:41] [Server thread/INFO]: [0;33;22m/time: [0;37;1mA Mojang provided command.[m
[19:47:41] [Server thread/INFO]: [0;33;22m/timings: [0;37;1mRecords timings for all plugin events[m
[19:47:41] [Server thread/INFO]: [0;33;22m/title: [0;37;1mA Mojang provided command.[m
[19:47:41] [Server thread/INFO]: [0;33;22m/toggledownfall: [0;37;1mA Mojang provided command.[m
[19:47:41] [Server thread/INFO]: [0;33;22m/tp: [0;37;1mA Mojang provided command.[m
[19:47:41] [Server thread/INFO]: [0;33;22m/trigger: [0;37;1mA Mojang provided command.[m
[19:47:41] [Server thread/INFO]: [0;33;22m/version: [0;37;1mGets the version of this server including any plugins in use[m
[19:47:41] [Server thread/INFO]: [0;33;22m/weather: [0;37;1mA Mojang provided command.[m
[19:47:41] [Server thread/INFO]: [0;33;22m/whitelist: [0;37;1mA Mojang provided command.[m
[19:47:41] [Server thread/INFO]: [0;33;22m/worldborder: [0;37;1mA Mojang provided command.[m
[19:47:41] [Server thread/INFO]: [0;33;22m/xp: [0;37;1mA Mojang provided command.[m
[19:48:33] [Server thread/INFO]: Unknown command. Type "help" for help.[m
[19:48:37] [Server thread/INFO]: Usage: /time <set|add|query> <value>
[19:48:44] [Server thread/INFO]: Usage: /time <set|add|query> <value>
[19:48:52] [Server thread/INFO]: Set the time to 1000
